{"/Applications/MAMP/htdocs/laravel-tests/public/js/calculator/calculator.js": {"path":"/Applications/MAMP/htdocs/laravel-tests/public/js/calculator/calculator.js","statementMap":{"0":{"start":{"line":1,"column":19},"end":{"line":124,"column":4}},"1":{"start":{"line":2,"column":16},"end":{"line":2,"column":17}},"2":{"start":{"line":3,"column":16},"end":{"line":3,"column":18}},"3":{"start":{"line":4,"column":20},"end":{"line":4,"column":24}},"4":{"start":{"line":6,"column":20},"end":{"line":12,"column":5}},"5":{"start":{"line":7,"column":8},"end":{"line":9,"column":9}},"6":{"start":{"line":8,"column":12},"end":{"line":8,"column":28}},"7":{"start":{"line":11,"column":8},"end":{"line":11,"column":28}},"8":{"start":{"line":14,"column":21},"end":{"line":16,"column":5}},"9":{"start":{"line":15,"column":8},"end":{"line":15,"column":19}},"10":{"start":{"line":18,"column":20},"end":{"line":24,"column":5}},"11":{"start":{"line":19,"column":8},"end":{"line":23,"column":9}},"12":{"start":{"line":20,"column":12},"end":{"line":20,"column":47}},"13":{"start":{"line":22,"column":12},"end":{"line":22,"column":54}},"14":{"start":{"line":26,"column":23},"end":{"line":41,"column":5}},"15":{"start":{"line":27,"column":8},"end":{"line":29,"column":9}},"16":{"start":{"line":28,"column":12},"end":{"line":28,"column":19}},"17":{"start":{"line":31,"column":8},"end":{"line":33,"column":9}},"18":{"start":{"line":32,"column":12},"end":{"line":32,"column":19}},"19":{"start":{"line":35,"column":8},"end":{"line":37,"column":9}},"20":{"start":{"line":36,"column":12},"end":{"line":36,"column":24}},"21":{"start":{"line":39,"column":8},"end":{"line":39,"column":23}},"22":{"start":{"line":40,"column":8},"end":{"line":40,"column":30}},"23":{"start":{"line":40,"column":22},"end":{"line":40,"column":30}},"24":{"start":{"line":43,"column":23},"end":{"line":45,"column":5}},"25":{"start":{"line":44,"column":8},"end":{"line":44,"column":25}},"26":{"start":{"line":47,"column":19},"end":{"line":49,"column":5}},"27":{"start":{"line":48,"column":8},"end":{"line":48,"column":21}},"28":{"start":{"line":51,"column":20},"end":{"line":84,"column":5}},"29":{"start":{"line":52,"column":8},"end":{"line":81,"column":9}},"30":{"start":{"line":53,"column":20},"end":{"line":53,"column":47}},"31":{"start":{"line":54,"column":20},"end":{"line":54,"column":47}},"32":{"start":{"line":56,"column":24},"end":{"line":56,"column":25}},"33":{"start":{"line":57,"column":12},"end":{"line":74,"column":13}},"34":{"start":{"line":59,"column":20},"end":{"line":59,"column":38}},"35":{"start":{"line":60,"column":20},"end":{"line":60,"column":26}},"36":{"start":{"line":63,"column":20},"end":{"line":63,"column":43}},"37":{"start":{"line":64,"column":20},"end":{"line":64,"column":26}},"38":{"start":{"line":67,"column":20},"end":{"line":67,"column":43}},"39":{"start":{"line":68,"column":20},"end":{"line":68,"column":26}},"40":{"start":{"line":71,"column":20},"end":{"line":71,"column":41}},"41":{"start":{"line":72,"column":20},"end":{"line":72,"column":26}},"42":{"start":{"line":76,"column":12},"end":{"line":76,"column":29}},"43":{"start":{"line":77,"column":12},"end":{"line":77,"column":24}},"44":{"start":{"line":79,"column":12},"end":{"line":79,"column":22}},"45":{"start":{"line":80,"column":12},"end":{"line":80,"column":25}},"46":{"start":{"line":83,"column":8},"end":{"line":83,"column":17}},"47":{"start":{"line":86,"column":14},"end":{"line":88,"column":5}},"48":{"start":{"line":87,"column":8},"end":{"line":87,"column":21}},"49":{"start":{"line":90,"column":19},"end":{"line":92,"column":5}},"50":{"start":{"line":91,"column":8},"end":{"line":91,"column":21}},"51":{"start":{"line":94,"column":19},"end":{"line":96,"column":5}},"52":{"start":{"line":95,"column":8},"end":{"line":95,"column":21}},"53":{"start":{"line":98,"column":17},"end":{"line":100,"column":5}},"54":{"start":{"line":99,"column":8},"end":{"line":99,"column":21}},"55":{"start":{"line":102,"column":16},"end":{"line":108,"column":5}},"56":{"start":{"line":103,"column":8},"end":{"line":103,"column":18}},"57":{"start":{"line":104,"column":8},"end":{"line":104,"column":19}},"58":{"start":{"line":105,"column":8},"end":{"line":105,"column":25}},"59":{"start":{"line":107,"column":8},"end":{"line":107,"column":17}},"60":{"start":{"line":110,"column":4},"end":{"line":123,"column":5}},"61":{"start":{"line":126,"column":0},"end":{"line":126,"column":28}}},"fnMap":{"0":{"name":"(anonymous_0)","decl":{"start":{"line":1,"column":20},"end":{"line":1,"column":21}},"loc":{"start":{"line":1,"column":26},"end":{"line":124,"column":1}},"line":1},"1":{"name":"(anonymous_1)","decl":{"start":{"line":6,"column":20},"end":{"line":6,"column":21}},"loc":{"start":{"line":6,"column":28},"end":{"line":12,"column":5}},"line":6},"2":{"name":"(anonymous_2)","decl":{"start":{"line":14,"column":21},"end":{"line":14,"column":22}},"loc":{"start":{"line":14,"column":27},"end":{"line":16,"column":5}},"line":14},"3":{"name":"(anonymous_3)","decl":{"start":{"line":18,"column":20},"end":{"line":18,"column":21}},"loc":{"start":{"line":18,"column":27},"end":{"line":24,"column":5}},"line":18},"4":{"name":"(anonymous_4)","decl":{"start":{"line":26,"column":23},"end":{"line":26,"column":24}},"loc":{"start":{"line":26,"column":31},"end":{"line":41,"column":5}},"line":26},"5":{"name":"(anonymous_5)","decl":{"start":{"line":43,"column":23},"end":{"line":43,"column":24}},"loc":{"start":{"line":43,"column":29},"end":{"line":45,"column":5}},"line":43},"6":{"name":"(anonymous_6)","decl":{"start":{"line":47,"column":19},"end":{"line":47,"column":20}},"loc":{"start":{"line":47,"column":25},"end":{"line":49,"column":5}},"line":47},"7":{"name":"(anonymous_7)","decl":{"start":{"line":51,"column":20},"end":{"line":51,"column":21}},"loc":{"start":{"line":51,"column":26},"end":{"line":84,"column":5}},"line":51},"8":{"name":"(anonymous_8)","decl":{"start":{"line":86,"column":14},"end":{"line":86,"column":15}},"loc":{"start":{"line":86,"column":24},"end":{"line":88,"column":5}},"line":86},"9":{"name":"(anonymous_9)","decl":{"start":{"line":90,"column":19},"end":{"line":90,"column":20}},"loc":{"start":{"line":90,"column":29},"end":{"line":92,"column":5}},"line":90},"10":{"name":"(anonymous_10)","decl":{"start":{"line":94,"column":19},"end":{"line":94,"column":20}},"loc":{"start":{"line":94,"column":29},"end":{"line":96,"column":5}},"line":94},"11":{"name":"(anonymous_11)","decl":{"start":{"line":98,"column":17},"end":{"line":98,"column":18}},"loc":{"start":{"line":98,"column":27},"end":{"line":100,"column":5}},"line":98},"12":{"name":"(anonymous_12)","decl":{"start":{"line":102,"column":16},"end":{"line":102,"column":17}},"loc":{"start":{"line":102,"column":22},"end":{"line":108,"column":5}},"line":102}},"branchMap":{"0":{"loc":{"start":{"line":7,"column":8},"end":{"line":9,"column":9}},"type":"if","locations":[{"start":{"line":7,"column":8},"end":{"line":9,"column":9}},{"start":{},"end":{}}],"line":7},"1":{"loc":{"start":{"line":27,"column":8},"end":{"line":29,"column":9}},"type":"if","locations":[{"start":{"line":27,"column":8},"end":{"line":29,"column":9}},{"start":{},"end":{}}],"line":27},"2":{"loc":{"start":{"line":31,"column":8},"end":{"line":33,"column":9}},"type":"if","locations":[{"start":{"line":31,"column":8},"end":{"line":33,"column":9}},{"start":{},"end":{}}],"line":31},"3":{"loc":{"start":{"line":35,"column":8},"end":{"line":37,"column":9}},"type":"if","locations":[{"start":{"line":35,"column":8},"end":{"line":37,"column":9}},{"start":{},"end":{}}],"line":35},"4":{"loc":{"start":{"line":40,"column":8},"end":{"line":40,"column":30}},"type":"if","locations":[{"start":{"line":40,"column":8},"end":{"line":40,"column":30}},{"start":{},"end":{}}],"line":40},"5":{"loc":{"start":{"line":52,"column":8},"end":{"line":81,"column":9}},"type":"if","locations":[{"start":{"line":52,"column":8},"end":{"line":81,"column":9}},{"start":{},"end":{}}],"line":52},"6":{"loc":{"start":{"line":57,"column":12},"end":{"line":74,"column":13}},"type":"switch","locations":[{"start":{"line":58,"column":16},"end":{"line":61,"column":17}},{"start":{"line":62,"column":16},"end":{"line":65,"column":17}},{"start":{"line":66,"column":16},"end":{"line":69,"column":17}},{"start":{"line":70,"column":16},"end":{"line":73,"column":17}}],"line":57}},"s":{"0":1,"1":1,"2":1,"3":1,"4":1,"5":18,"6":14,"7":18,"8":1,"9":1,"10":1,"11":2,"12":2,"13":0,"14":1,"15":8,"16":1,"17":7,"18":0,"19":7,"20":1,"21":7,"22":7,"23":6,"24":1,"25":2,"26":1,"27":0,"28":1,"29":6,"30":6,"31":6,"32":6,"33":6,"34":3,"35":3,"36":1,"37":1,"38":1,"39":1,"40":1,"41":1,"42":6,"43":6,"44":6,"45":6,"46":0,"47":1,"48":3,"49":1,"50":1,"51":1,"52":1,"53":1,"54":1,"55":1,"56":10,"57":10,"58":10,"59":10,"60":1,"61":1},"f":{"0":1,"1":18,"2":1,"3":2,"4":8,"5":2,"6":0,"7":6,"8":3,"9":1,"10":1,"11":1,"12":10},"b":{"0":[14,4],"1":[1,7],"2":[0,7],"3":[1,6],"4":[6,1],"5":[6,0],"6":[3,1,1,1]},"_coverageSchema":"1a1c01bbd47fc00a2c39e90264f33305004495a9","hash":"e4daa2c293bee63d51ec24e8a04d0a47c1ebd0eb"}
}
