{"/Applications/MAMP/htdocs/laravel-tests/public/js/calculator/calculator.js": {"path":"/Applications/MAMP/htdocs/laravel-tests/public/js/calculator/calculator.js","statementMap":{"0":{"start":{"line":1,"column":19},"end":{"line":124,"column":4}},"1":{"start":{"line":2,"column":16},"end":{"line":2,"column":17}},"2":{"start":{"line":3,"column":16},"end":{"line":3,"column":18}},"3":{"start":{"line":4,"column":20},"end":{"line":4,"column":24}},"4":{"start":{"line":14,"column":21},"end":{"line":16,"column":5}},"5":{"start":{"line":15,"column":8},"end":{"line":15,"column":19}},"6":{"start":{"line":18,"column":20},"end":{"line":24,"column":5}},"7":{"start":{"line":19,"column":8},"end":{"line":23,"column":9}},"8":{"start":{"line":20,"column":12},"end":{"line":20,"column":47}},"9":{"start":{"line":22,"column":12},"end":{"line":22,"column":54}},"10":{"start":{"line":26,"column":23},"end":{"line":41,"column":5}},"11":{"start":{"line":27,"column":8},"end":{"line":29,"column":9}},"12":{"start":{"line":28,"column":12},"end":{"line":28,"column":19}},"13":{"start":{"line":31,"column":8},"end":{"line":33,"column":9}},"14":{"start":{"line":32,"column":12},"end":{"line":32,"column":19}},"15":{"start":{"line":35,"column":8},"end":{"line":37,"column":9}},"16":{"start":{"line":36,"column":12},"end":{"line":36,"column":24}},"17":{"start":{"line":39,"column":8},"end":{"line":39,"column":23}},"18":{"start":{"line":40,"column":8},"end":{"line":40,"column":30}},"19":{"start":{"line":40,"column":22},"end":{"line":40,"column":30}},"20":{"start":{"line":43,"column":23},"end":{"line":45,"column":5}},"21":{"start":{"line":44,"column":8},"end":{"line":44,"column":25}},"22":{"start":{"line":47,"column":19},"end":{"line":49,"column":5}},"23":{"start":{"line":48,"column":8},"end":{"line":48,"column":21}},"24":{"start":{"line":51,"column":20},"end":{"line":84,"column":5}},"25":{"start":{"line":52,"column":8},"end":{"line":81,"column":9}},"26":{"start":{"line":53,"column":20},"end":{"line":53,"column":47}},"27":{"start":{"line":54,"column":20},"end":{"line":54,"column":47}},"28":{"start":{"line":56,"column":24},"end":{"line":56,"column":25}},"29":{"start":{"line":57,"column":12},"end":{"line":74,"column":13}},"30":{"start":{"line":59,"column":20},"end":{"line":59,"column":38}},"31":{"start":{"line":60,"column":20},"end":{"line":60,"column":26}},"32":{"start":{"line":63,"column":20},"end":{"line":63,"column":43}},"33":{"start":{"line":64,"column":20},"end":{"line":64,"column":26}},"34":{"start":{"line":67,"column":20},"end":{"line":67,"column":43}},"35":{"start":{"line":68,"column":20},"end":{"line":68,"column":26}},"36":{"start":{"line":71,"column":20},"end":{"line":71,"column":41}},"37":{"start":{"line":72,"column":20},"end":{"line":72,"column":26}},"38":{"start":{"line":76,"column":12},"end":{"line":76,"column":29}},"39":{"start":{"line":77,"column":12},"end":{"line":77,"column":24}},"40":{"start":{"line":79,"column":12},"end":{"line":79,"column":22}},"41":{"start":{"line":80,"column":12},"end":{"line":80,"column":25}},"42":{"start":{"line":83,"column":8},"end":{"line":83,"column":17}},"43":{"start":{"line":86,"column":14},"end":{"line":88,"column":5}},"44":{"start":{"line":87,"column":8},"end":{"line":87,"column":21}},"45":{"start":{"line":90,"column":19},"end":{"line":92,"column":5}},"46":{"start":{"line":91,"column":8},"end":{"line":91,"column":21}},"47":{"start":{"line":94,"column":19},"end":{"line":96,"column":5}},"48":{"start":{"line":95,"column":8},"end":{"line":95,"column":21}},"49":{"start":{"line":98,"column":17},"end":{"line":100,"column":5}},"50":{"start":{"line":99,"column":8},"end":{"line":99,"column":21}},"51":{"start":{"line":102,"column":16},"end":{"line":108,"column":5}},"52":{"start":{"line":103,"column":8},"end":{"line":103,"column":18}},"53":{"start":{"line":104,"column":8},"end":{"line":104,"column":19}},"54":{"start":{"line":105,"column":8},"end":{"line":105,"column":25}},"55":{"start":{"line":107,"column":8},"end":{"line":107,"column":17}},"56":{"start":{"line":110,"column":4},"end":{"line":123,"column":5}},"57":{"start":{"line":126,"column":0},"end":{"line":126,"column":28}}},"fnMap":{"0":{"name":"(anonymous_0)","decl":{"start":{"line":1,"column":20},"end":{"line":1,"column":21}},"loc":{"start":{"line":1,"column":26},"end":{"line":124,"column":1}},"line":1},"1":{"name":"(anonymous_1)","decl":{"start":{"line":14,"column":21},"end":{"line":14,"column":22}},"loc":{"start":{"line":14,"column":27},"end":{"line":16,"column":5}},"line":14},"2":{"name":"(anonymous_2)","decl":{"start":{"line":18,"column":20},"end":{"line":18,"column":21}},"loc":{"start":{"line":18,"column":27},"end":{"line":24,"column":5}},"line":18},"3":{"name":"(anonymous_3)","decl":{"start":{"line":26,"column":23},"end":{"line":26,"column":24}},"loc":{"start":{"line":26,"column":31},"end":{"line":41,"column":5}},"line":26},"4":{"name":"(anonymous_4)","decl":{"start":{"line":43,"column":23},"end":{"line":43,"column":24}},"loc":{"start":{"line":43,"column":29},"end":{"line":45,"column":5}},"line":43},"5":{"name":"(anonymous_5)","decl":{"start":{"line":47,"column":19},"end":{"line":47,"column":20}},"loc":{"start":{"line":47,"column":25},"end":{"line":49,"column":5}},"line":47},"6":{"name":"(anonymous_6)","decl":{"start":{"line":51,"column":20},"end":{"line":51,"column":21}},"loc":{"start":{"line":51,"column":26},"end":{"line":84,"column":5}},"line":51},"7":{"name":"(anonymous_7)","decl":{"start":{"line":86,"column":14},"end":{"line":86,"column":15}},"loc":{"start":{"line":86,"column":24},"end":{"line":88,"column":5}},"line":86},"8":{"name":"(anonymous_8)","decl":{"start":{"line":90,"column":19},"end":{"line":90,"column":20}},"loc":{"start":{"line":90,"column":29},"end":{"line":92,"column":5}},"line":90},"9":{"name":"(anonymous_9)","decl":{"start":{"line":94,"column":19},"end":{"line":94,"column":20}},"loc":{"start":{"line":94,"column":29},"end":{"line":96,"column":5}},"line":94},"10":{"name":"(anonymous_10)","decl":{"start":{"line":98,"column":17},"end":{"line":98,"column":18}},"loc":{"start":{"line":98,"column":27},"end":{"line":100,"column":5}},"line":98},"11":{"name":"(anonymous_11)","decl":{"start":{"line":102,"column":16},"end":{"line":102,"column":17}},"loc":{"start":{"line":102,"column":22},"end":{"line":108,"column":5}},"line":102}},"branchMap":{"0":{"loc":{"start":{"line":27,"column":8},"end":{"line":29,"column":9}},"type":"if","locations":[{"start":{"line":27,"column":8},"end":{"line":29,"column":9}},{"start":{},"end":{}}],"line":27},"1":{"loc":{"start":{"line":31,"column":8},"end":{"line":33,"column":9}},"type":"if","locations":[{"start":{"line":31,"column":8},"end":{"line":33,"column":9}},{"start":{},"end":{}}],"line":31},"2":{"loc":{"start":{"line":35,"column":8},"end":{"line":37,"column":9}},"type":"if","locations":[{"start":{"line":35,"column":8},"end":{"line":37,"column":9}},{"start":{},"end":{}}],"line":35},"3":{"loc":{"start":{"line":40,"column":8},"end":{"line":40,"column":30}},"type":"if","locations":[{"start":{"line":40,"column":8},"end":{"line":40,"column":30}},{"start":{},"end":{}}],"line":40},"4":{"loc":{"start":{"line":52,"column":8},"end":{"line":81,"column":9}},"type":"if","locations":[{"start":{"line":52,"column":8},"end":{"line":81,"column":9}},{"start":{},"end":{}}],"line":52},"5":{"loc":{"start":{"line":57,"column":12},"end":{"line":74,"column":13}},"type":"switch","locations":[{"start":{"line":58,"column":16},"end":{"line":61,"column":17}},{"start":{"line":62,"column":16},"end":{"line":65,"column":17}},{"start":{"line":66,"column":16},"end":{"line":69,"column":17}},{"start":{"line":70,"column":16},"end":{"line":73,"column":17}}],"line":57}},"s":{"0":1,"1":1,"2":1,"3":1,"4":1,"5":0,"6":1,"7":0,"8":0,"9":0,"10":1,"11":1,"12":1,"13":0,"14":0,"15":0,"16":0,"17":0,"18":0,"19":0,"20":1,"21":1,"22":1,"23":0,"24":1,"25":0,"26":0,"27":0,"28":0,"29":0,"30":0,"31":0,"32":0,"33":0,"34":0,"35":0,"36":0,"37":0,"38":0,"39":0,"40":0,"41":0,"42":0,"43":1,"44":0,"45":1,"46":0,"47":1,"48":0,"49":1,"50":0,"51":1,"52":10,"53":10,"54":10,"55":10,"56":1,"57":1},"f":{"0":1,"1":0,"2":0,"3":1,"4":1,"5":0,"6":0,"7":0,"8":0,"9":0,"10":0,"11":10},"b":{"0":[1,0],"1":[0,0],"2":[0,0],"3":[0,0],"4":[0,0],"5":[0,0,0,0]},"_coverageSchema":"1a1c01bbd47fc00a2c39e90264f33305004495a9","hash":"9d5641a19f8eaa947fe7e54f403bb742f43f7a39"}
}
