TN:
SF:public/js/calculator/calculator.js
FN:1,(anonymous_0)
FN:6,(anonymous_1)
FN:14,(anonymous_2)
FN:18,(anonymous_3)
FN:26,(anonymous_4)
FN:43,(anonymous_5)
FN:47,(anonymous_6)
FN:51,(anonymous_7)
FN:86,(anonymous_8)
FN:90,(anonymous_9)
FN:94,(anonymous_10)
FN:98,(anonymous_11)
FN:102,(anonymous_12)
FNF:13
FNH:12
FNDA:1,(anonymous_0)
FNDA:18,(anonymous_1)
FNDA:1,(anonymous_2)
FNDA:2,(anonymous_3)
FNDA:8,(anonymous_4)
FNDA:2,(anonymous_5)
FNDA:0,(anonymous_6)
FNDA:6,(anonymous_7)
FNDA:3,(anonymous_8)
FNDA:1,(anonymous_9)
FNDA:1,(anonymous_10)
FNDA:1,(anonymous_11)
FNDA:10,(anonymous_12)
DA:1,1
DA:2,1
DA:3,1
DA:4,1
DA:6,1
DA:7,18
DA:8,14
DA:11,18
DA:14,1
DA:15,1
DA:18,1
DA:19,2
DA:20,2
DA:22,0
DA:26,1
DA:27,8
DA:28,1
DA:31,7
DA:32,0
DA:35,7
DA:36,1
DA:39,7
DA:40,7
DA:43,1
DA:44,2
DA:47,1
DA:48,0
DA:51,1
DA:52,6
DA:53,6
DA:54,6
DA:56,6
DA:57,6
DA:59,3
DA:60,3
DA:63,1
DA:64,1
DA:67,1
DA:68,1
DA:71,1
DA:72,1
DA:76,6
DA:77,6
DA:79,6
DA:80,6
DA:83,0
DA:86,1
DA:87,3
DA:90,1
DA:91,1
DA:94,1
DA:95,1
DA:98,1
DA:99,1
DA:102,1
DA:103,10
DA:104,10
DA:105,10
DA:107,10
DA:110,1
DA:126,1
LF:61
LH:57
BRDA:7,0,0,14
BRDA:7,0,1,4
BRDA:27,1,0,1
BRDA:27,1,1,7
BRDA:31,2,0,0
BRDA:31,2,1,7
BRDA:35,3,0,1
BRDA:35,3,1,6
BRDA:40,4,0,6
BRDA:40,4,1,1
BRDA:52,5,0,6
BRDA:52,5,1,0
BRDA:57,6,0,3
BRDA:57,6,1,1
BRDA:57,6,2,1
BRDA:57,6,3,1
BRF:16
BRH:14
end_of_record
